<?xml version="1.0" encoding="UTF-8"?>
<!-- Generated by org.testng.reporters.JUnitReportReporter -->
<testsuite hostname="DESKTOP-7S7LCUO" failures="0" tests="1" name="com.nopcommerece.qa.tests.TakScrnShotss" time="8.741" errors="0" timestamp="2024-07-24T12:45:10 IST" skipped="0">
  <testcase classname="com.nopcommerece.qa.tests.TakScrnShotss" name="tksCrn" time="8.741"/>
</testsuite> <!-- com.nopcommerece.qa.tests.TakScrnShotss -->
