<?xml version="1.0" encoding="UTF-8"?>
<!-- Generated by org.testng.reporters.JUnitReportReporter -->
<testsuite hostname="DESKTOP-7S7LCUO" failures="0" tests="1" name="com.nopcommerece.qa.tests.TakeScrnShot" time="10.230" errors="0" timestamp="2024-07-17T12:00:29 IST" skipped="0">
  <testcase classname="com.nopcommerece.qa.tests.TakeScrnShot" name="test1" time="10.230"/>
</testsuite> <!-- com.nopcommerece.qa.tests.TakeScrnShot -->
