<?xml version="1.0" encoding="UTF-8"?>
<!-- Generated by org.testng.reporters.JUnitReportReporter -->
<testsuite hostname="DESKTOP-7S7LCUO" failures="0" tests="3" name="runTestCases.ClassB" time="0.045" errors="0" timestamp="2024-07-22T12:01:54 IST" skipped="0">
  <testcase classname="runTestCases.ClassB" name="test3" time="0.020"/>
  <testcase classname="runTestCases.ClassB" name="test2" time="0.010"/>
  <testcase classname="runTestCases.ClassB" name="test1" time="0.015"/>
</testsuite> <!-- runTestCases.ClassB -->
