<?xml version="1.0" encoding="UTF-8"?>
<!-- Generated by org.testng.reporters.JUnitReportReporter -->
<testsuite hostname="DESKTOP-7S7LCUO" failures="0" tests="1" name="com.nopcommerece.qa.tests.ReadConfigFile" time="4.693" errors="0" timestamp="2024-07-16T12:19:56 IST" skipped="0">
  <testcase classname="com.nopcommerece.qa.tests.ReadConfigFile" name="test1" time="4.693"/>
</testsuite> <!-- com.nopcommerece.qa.tests.ReadConfigFile -->
