<?xml version="1.0" encoding="UTF-8"?>
<!-- Generated by org.testng.reporters.JUnitReportReporter -->
<testsuite hostname="DESKTOP-7S7LCUO" failures="0" tests="1" name="com.nopcommerece.qa.tests.Categories" time="0.009" errors="0" timestamp="2024-07-15T12:09:23 IST" skipped="0">
  <testcase classname="com.nopcommerece.qa.tests.Categories" name="test1" time="0.009"/>
</testsuite> <!-- com.nopcommerece.qa.tests.Categories -->
