<?xml version="1.0" encoding="UTF-8"?>
<!-- Generated by org.testng.reporters.JUnitReportReporter -->
<testsuite hostname="DESKTOP-7S7LCUO" failures="0" tests="3" name="runTestCases.ClassB" time="0.013" errors="0" timestamp="2024-07-22T12:14:00 IST" skipped="0">
  <testcase classname="runTestCases.ClassB" name="test2" time="0.004"/>
  <testcase classname="runTestCases.ClassB" name="test1" time="0.006"/>
  <testcase classname="runTestCases.ClassB" name="test3" time="0.003"/>
</testsuite> <!-- runTestCases.ClassB -->
