<?xml version="1.0" encoding="UTF-8"?>
<!-- Generated by org.testng.reporters.JUnitReportReporter -->
<testsuite hostname="DESKTOP-7S7LCUO" failures="0" tests="3" name="runTestCases.ClassA" time="0.156" errors="0" timestamp="2024-07-22T12:14:00 IST" skipped="0">
  <testcase classname="runTestCases.ClassA" name="test1" time="0.144"/>
  <testcase classname="runTestCases.ClassA" name="test2" time="0.006"/>
  <testcase classname="runTestCases.ClassA" name="test3" time="0.006"/>
</testsuite> <!-- runTestCases.ClassA -->
