<?xml version="1.0" encoding="UTF-8"?>
<!-- Generated by org.testng.reporters.JUnitReportReporter -->
<testsuite hostname="DESKTOP-7S7LCUO" failures="0" tests="2" name="com.nopcommerece.qa.tests.ProductTest" time="10.326" errors="0" timestamp="2024-07-15T12:14:43 IST" skipped="1">
  <testcase classname="com.nopcommerece.qa.tests.ProductTest" name="addNewData" time="10.326"/>
  <testcase classname="com.nopcommerece.qa.tests.ProductTest" name="testSerachFunct">
    <skipped/>
  </testcase> <!-- testSerachFunct -->
</testsuite> <!-- com.nopcommerece.qa.tests.ProductTest -->
