<?xml version="1.0" encoding="UTF-8"?>
<!-- Generated by org.testng.reporters.JUnitReportReporter -->
<testsuite hostname="DESKTOP-7S7LCUO" failures="0" tests="1" name="com.nopcommerece.qa.tests.RTests" time="0.000" errors="0" timestamp="2024-07-22T11:58:36 IST" skipped="1">
  <testcase classname="com.nopcommerece.qa.tests.RTests" name="test1" time="0.000">
    <skipped/>
  </testcase> <!-- test1 -->
</testsuite> <!-- com.nopcommerece.qa.tests.RTests -->
